0 info it worked if it ends with ok
1 verbose cli [ 'E:\\github\\nvmw\\v5.1.0\\node.exe',
1 verbose cli   'E:\\github\\nvmw\\v5.1.0\\node_modules\\npm\\bin\\npm-cli.js',
1 verbose cli   'info' ]
2 info using npm@3.3.12
3 info using node@v5.1.0
4 silly mapToRegistry name quickpay
5 silly mapToRegistry using default registry
6 silly mapToRegistry registry https://registry.npmjs.org/
7 silly mapToRegistry uri https://registry.npmjs.org/quickpay
8 verbose request uri https://registry.npmjs.org/quickpay
9 verbose request no auth needed
10 info attempt registry request try #1 at 15:03:33
11 verbose request id 15ef8bb4928e9dda
12 http request GET https://registry.npmjs.org/quickpay
13 http 404 https://registry.npmjs.org/quickpay
14 verbose headers { 'content-type': 'application/json',
14 verbose headers   'cache-control': 'max-age=0',
14 verbose headers   'content-length': '2',
14 verbose headers   'accept-ranges': 'bytes',
14 verbose headers   date: 'Thu, 19 Nov 2015 07:03:39 GMT',
14 verbose headers   via: '1.1 varnish',
14 verbose headers   age: '0',
14 verbose headers   connection: 'keep-alive',
14 verbose headers   'x-served-by': 'cache-itm7420-ITM',
14 verbose headers   'x-cache': 'MISS',
14 verbose headers   'x-cache-hits': '0',
14 verbose headers   'x-timer': 'S1447916619.096591,VS0,VE162' }
15 silly get cb [ 404,
15 silly get   { 'content-type': 'application/json',
15 silly get     'cache-control': 'max-age=0',
15 silly get     'content-length': '2',
15 silly get     'accept-ranges': 'bytes',
15 silly get     date: 'Thu, 19 Nov 2015 07:03:39 GMT',
15 silly get     via: '1.1 varnish',
15 silly get     age: '0',
15 silly get     connection: 'keep-alive',
15 silly get     'x-served-by': 'cache-itm7420-ITM',
15 silly get     'x-cache': 'MISS',
15 silly get     'x-cache-hits': '0',
15 silly get     'x-timer': 'S1447916619.096591,VS0,VE162' } ]
16 verbose stack Error: Registry returned 404 for GET on https://registry.npmjs.org/quickpay
16 verbose stack     at makeError (E:\github\nvmw\v5.1.0\node_modules\npm\node_modules\npm-registry-client\lib\request.js:264:12)
16 verbose stack     at CachingRegistryClient.<anonymous> (E:\github\nvmw\v5.1.0\node_modules\npm\node_modules\npm-registry-client\lib\request.js:242:14)
16 verbose stack     at Request._callback (E:\github\nvmw\v5.1.0\node_modules\npm\node_modules\npm-registry-client\lib\request.js:172:14)
16 verbose stack     at Request.self.callback (E:\github\nvmw\v5.1.0\node_modules\npm\node_modules\request\request.js:198:22)
16 verbose stack     at emitTwo (events.js:87:13)
16 verbose stack     at Request.emit (events.js:172:7)
16 verbose stack     at Request.<anonymous> (E:\github\nvmw\v5.1.0\node_modules\npm\node_modules\request\request.js:1082:10)
16 verbose stack     at emitOne (events.js:82:20)
16 verbose stack     at Request.emit (events.js:169:7)
16 verbose stack     at IncomingMessage.<anonymous> (E:\github\nvmw\v5.1.0\node_modules\npm\node_modules\request\request.js:1009:12)
17 verbose statusCode 404
18 verbose pkgid quickpay
19 verbose cwd E:\golang\src\github.com\CardInfoLink\quickpay\static
20 error Windows_NT 6.1.7601
21 error argv "E:\\github\\nvmw\\v5.1.0\\node.exe" "E:\\github\\nvmw\\v5.1.0\\node_modules\\npm\\bin\\npm-cli.js" "info"
22 error node v5.1.0
23 error npm  v3.3.12
24 error code E404
25 error 404 Registry returned 404 for GET on https://registry.npmjs.org/quickpay
25 error 404
25 error 404 'quickpay' is not in the npm registry.
25 error 404 You should bug the author to publish it (or use the name yourself!)
25 error 404
25 error 404 Note that you can also install from a
25 error 404 tarball, folder, http url, or git url.
26 verbose exit [ 1, true ]
